<?xml version="1.0" encoding="UTF-8"?>
<!-- Generated by org.testng.reporters.JUnitXMLReporter -->
<testsuite ignored="0" hostname="DESKTOP-LUO1M3H" failures="1" tests="3" name="Surefire test" time="33.652" errors="0" timestamp="2023-04-23T20:13:46 IST">
  <testcase classname="io.cucumber.testng.AbstractTestNGCucumberTests" name="runScenario" time="23.277"/>
  <testcase classname="io.cucumber.testng.AbstractTestNGCucumberTests" name="runScenario" time="28.631">
    <failure type="java.lang.AssertionError" message="expected [No data] but found [Beetroot]">
      <![CDATA[java.lang.AssertionError: expected [No data] but found [Beetroot]
at stepDefinitions.OfferPageStepDefinition.validate_productname_in_offer_page_matches_with_home_page(OfferPageStepDefinition.java:52)
at âœ½.Validate productname in offer page matches with home  page(file:///C:/Users/HP/eclipse-workspace/CucumberFramework1/src/test/java/Features/SearchProduct.feature:9)
... Removed 6 stack frames]]>
    </failure>
  </testcase> <!-- runScenario -->
  <testcase classname="io.cucumber.testng.AbstractTestNGCucumberTests" name="runScenario" time="31.554"/>
</testsuite> <!-- Surefire test -->
