-------------------------------------------------------------------------------
Test set: TestSuite
-------------------------------------------------------------------------------
Tests run: 3, Failures: 1, Errors: 0, Skipped: 0, Time elapsed: 34.814 s <<< FAILURE! - in TestSuite
runScenario(CucumberOptions.TestNgTestRunner)  Time elapsed: 28.652 s  <<< FAILURE!
java.lang.AssertionError: expected [No data] but found [Beetroot]

