<?xml version="1.0" encoding="UTF-8"?>
<!-- Generated by org.testng.reporters.JUnitReportReporter -->
<testsuite hostname="DESKTOP-LUO1M3H" failures="1" tests="3" name="CucumberOptions.TestNgTestRunner" time="83.462" errors="0" timestamp="2023-04-23T20:13:46 IST" skipped="0">
  <testcase classname="CucumberOptions.TestNgTestRunner" name="runScenario" time="23.277"/>
  <system-out/>
  <testcase classname="CucumberOptions.TestNgTestRunner" name="runScenario" time="28.631">
    <failure message="expected [No data] but found [Beetroot]" type="java.lang.AssertionError">
      <![CDATA[java.lang.AssertionError: expected [No data] but found [Beetroot]
at org.testng.Assert.fail(Assert.java:110)
at org.testng.Assert.failNotEquals(Assert.java:1577)
at org.testng.Assert.assertEqualsImpl(Assert.java:149)
at org.testng.Assert.assertEquals(Assert.java:131)
at org.testng.Assert.assertEquals(Assert.java:655)
at org.testng.Assert.assertEquals(Assert.java:665)
at stepDefinitions.OfferPageStepDefinition.validate_productname_in_offer_page_matches_with_home_page(OfferPageStepDefinition.java:52)
at âœ½.Validate productname in offer page matches with home  page(file:///C:/Users/HP/eclipse-workspace/CucumberFramework1/src/test/java/Features/SearchProduct.feature:9)
]]>
    </failure>
  </testcase> <!-- runScenario -->
  <system-out/>
  <testcase classname="CucumberOptions.TestNgTestRunner" name="runScenario" time="31.554"/>
  <system-out/>
</testsuite> <!-- CucumberOptions.TestNgTestRunner -->
